<?xml version="1.0" encoding="UTF-8"?>
<!-- Generated by org.testng.reporters.JUnitReportReporter -->
<testsuite hostname="ajay" failures="0" tests="1" name="com.java20.selenium.AUTOMATION_project2.App4Test" time="0.004" errors="0" timestamp="2023-07-28T19:03:06 IST" skipped="0">
  <testcase classname="com.java20.selenium.AUTOMATION_project2.App4Test" name="rushi" time="0.004"/>
</testsuite> <!-- com.java20.selenium.AUTOMATION_project2.App4Test -->
