<?xml version="1.0" encoding="UTF-8"?>
<!-- Generated by org.testng.reporters.JUnitReportReporter -->
<testsuite hostname="ajay" failures="0" tests="3" name="com.java20.selenium.AUTOMATION_project2.AppTest" time="0.024" errors="0" timestamp="2023-07-28T19:03:06 IST" skipped="0">
  <testcase classname="com.java20.selenium.AUTOMATION_project2.AppTest" name="abhi" time="0.014"/>
  <testcase classname="com.java20.selenium.AUTOMATION_project2.AppTest" name="shouldAnswerWithTrue" time="0.002"/>
  <testcase classname="com.java20.selenium.AUTOMATION_project2.AppTest" name="appa" time="0.008"/>
</testsuite> <!-- com.java20.selenium.AUTOMATION_project2.AppTest -->
