<?xml version="1.0" encoding="UTF-8"?>
<!-- Generated by org.testng.reporters.JUnitReportReporter -->
<testsuite hostname="ajay" failures="0" tests="3" name="com.java20.selenium.automation_project.AppTest" time="0.015" errors="0" timestamp="2023-07-26T02:04:42 IST" skipped="0">
  <testcase classname="com.java20.selenium.automation_project.AppTest" name="abhi" time="0.012"/>
  <testcase classname="com.java20.selenium.automation_project.AppTest" name="shouldAnswerWithTrue" time="0.001"/>
  <testcase classname="com.java20.selenium.automation_project.AppTest" name="appa" time="0.002"/>
</testsuite> <!-- com.java20.selenium.automation_project.AppTest -->
