<?xml version="1.0" encoding="UTF-8"?>
<!-- Generated by org.testng.reporters.JUnitReportReporter -->
<testsuite hostname="ajay" failures="0" tests="1" name="com.java20.selenium.automation_project.App6Test" time="0.001" errors="0" timestamp="2023-07-25T20:04:50 IST" skipped="0">
  <testcase classname="com.java20.selenium.automation_project.App6Test" name="aj" time="0.001"/>
</testsuite> <!-- com.java20.selenium.automation_project.App6Test -->
