<?xml version="1.0" encoding="UTF-8"?>
<!-- Generated by org.testng.reporters.JUnitReportReporter -->
<testsuite hostname="ajay" failures="0" tests="9" name="com.java20.selenium.AUTOMATION_project2.Aj" time="10.105" errors="1" timestamp="2023-07-29T14:18:17 IST" skipped="8">
  <testcase classname="com.java20.selenium.AUTOMATION_project2.Aj" name="msrtc" time="0.000">
    <skipped/>
  </testcase> <!-- msrtc -->
  <testcase classname="com.java20.selenium.AUTOMATION_project2.Aj" name="addtocart" time="0.000">
    <skipped/>
  </testcase> <!-- addtocart -->
  <testcase classname="com.java20.selenium.AUTOMATION_project2.Aj" name="babu" time="0.000">
    <skipped/>
  </testcase> <!-- babu -->
  <testcase classname="com.java20.selenium.AUTOMATION_project2.Aj" name="linkcount" time="0.000">
    <skipped/>
  </testcase> <!-- linkcount -->
  <testcase classname="com.java20.selenium.AUTOMATION_project2.Aj" name="windowshandle" time="0.000">
    <skipped/>
  </testcase> <!-- windowshandle -->
  <testcase classname="com.java20.selenium.AUTOMATION_project2.Aj" name="autodropdown1" time="10.105">
    <error message="Cannot invoke &quot;String.equalsIgnoreCase(String)&quot; because &quot;txt&quot; is null" type="java.lang.NullPointerException">
      <![CDATA[java.lang.NullPointerException: Cannot invoke "String.equalsIgnoreCase(String)" because "txt" is null
at com.java20.selenium.AUTOMATION_project2.Aj.autodropdown1(Aj.java:224)
at java.base/jdk.internal.reflect.NativeMethodAccessorImpl.invoke0(Native Method)
at java.base/jdk.internal.reflect.NativeMethodAccessorImpl.invoke(NativeMethodAccessorImpl.java:77)
at java.base/jdk.internal.reflect.DelegatingMethodAccessorImpl.invoke(DelegatingMethodAccessorImpl.java:43)
at java.base/java.lang.reflect.Method.invoke(Method.java:568)
at org.testng.internal.invokers.MethodInvocationHelper.invokeMethod(MethodInvocationHelper.java:139)
at org.testng.internal.invokers.MethodInvocationHelper.invokeMethodConsideringTimeout(MethodInvocationHelper.java:69)
at org.testng.internal.invokers.ConfigInvoker.invokeConfigurationMethod(ConfigInvoker.java:390)
at org.testng.internal.invokers.ConfigInvoker.invokeConfigurations(ConfigInvoker.java:325)
at org.testng.SuiteRunner.privateRun(SuiteRunner.java:382)
at org.testng.SuiteRunner.run(SuiteRunner.java:336)
at org.testng.SuiteRunnerWorker.runSuite(SuiteRunnerWorker.java:52)
at org.testng.SuiteRunnerWorker.run(SuiteRunnerWorker.java:95)
at org.testng.TestNG.runSuitesSequentially(TestNG.java:1280)
at org.testng.TestNG.runSuitesLocally(TestNG.java:1200)
at org.testng.TestNG.runSuites(TestNG.java:1114)
at org.testng.TestNG.run(TestNG.java:1082)
at org.apache.maven.surefire.testng.TestNGExecutor.run(TestNGExecutor.java:283)
at org.apache.maven.surefire.testng.TestNGXmlTestSuite.execute(TestNGXmlTestSuite.java:75)
at org.apache.maven.surefire.testng.TestNGProvider.invoke(TestNGProvider.java:120)
at org.apache.maven.surefire.booter.ForkedBooter.invokeProviderInSameClassLoader(ForkedBooter.java:384)
at org.apache.maven.surefire.booter.ForkedBooter.runSuitesInProcess(ForkedBooter.java:345)
at org.apache.maven.surefire.booter.ForkedBooter.execute(ForkedBooter.java:126)
at org.apache.maven.surefire.booter.ForkedBooter.main(ForkedBooter.java:418)
]]>
    </error>
  </testcase> <!-- autodropdown1 -->
  <testcase classname="com.java20.selenium.AUTOMATION_project2.Aj" name="ajay" time="0.000">
    <skipped/>
  </testcase> <!-- ajay -->
  <testcase classname="com.java20.selenium.AUTOMATION_project2.Aj" name="cricbuz" time="0.000">
    <skipped/>
  </testcase> <!-- cricbuz -->
  <testcase classname="com.java20.selenium.AUTOMATION_project2.Aj" name="alerts" time="0.000">
    <skipped/>
  </testcase> <!-- alerts -->
</testsuite> <!-- com.java20.selenium.AUTOMATION_project2.Aj -->
